2025-06-01 22:21:07,447 - INFO - Starting comprehensive data flow test...
2025-06-01 22:21:07,447 - INFO - Creating test data according to sec-doc-zh standards...
2025-06-01 22:21:07,447 - INFO - Creating standard DI test data...
2025-06-01 22:21:07,451 - INFO - Creating standard Q test data...
2025-06-01 22:21:07,452 - INFO - Creating standard V test data...
2025-06-01 22:21:07,452 - INFO - Testing all modules...
2025-06-01 22:21:07,452 - INFO - Testing DI module data flow...
2025-06-01 22:21:07,470 - INFO - Testing DI diagnose_di function...
2025-06-01 22:21:07,470 - ERROR - DI data flow test failed: diagnose_di() takes 1 positional argument but 2 were given
2025-06-01 22:21:07,470 - ERROR - Traceback (most recent call last):
  File "/Users/danyuchn/GMAT-score-report-analysis/comprehensive_data_flow_test.py", line 215, in test_di_data_flow
    di_result = diagnose_di(df_di, di_time_pressure_status)
                ^^^^^^^^^^^^^^^^^^^^^^^^^^^^^^^^^^^^^^^^^^^
TypeError: diagnose_di() takes 1 positional argument but 2 were given

2025-06-01 22:21:07,470 - INFO - Testing Q module data flow...
2025-06-01 22:21:07,470 - INFO - Testing Q diagnose_q function...
2025-06-01 22:21:07,471 - ERROR - Q data flow test failed: diagnose_q() got an unexpected keyword argument 'total_test_time'
2025-06-01 22:21:07,471 - ERROR - Traceback (most recent call last):
  File "/Users/danyuchn/GMAT-score-report-analysis/comprehensive_data_flow_test.py", line 275, in test_q_data_flow
    q_result = diagnose_q(
               ^^^^^^^^^^^
TypeError: diagnose_q() got an unexpected keyword argument 'total_test_time'

2025-06-01 22:21:07,471 - INFO - Testing V module data flow...
2025-06-01 22:21:07,471 - ERROR - V data flow test failed: cannot import name 'diagnose_v' from 'gmat_diagnosis_app.diagnostics.v_diagnostic' (/Users/danyuchn/GMAT-score-report-analysis/gmat_diagnosis_app/diagnostics/v_diagnostic.py)
2025-06-01 22:21:07,471 - ERROR - Traceback (most recent call last):
  File "/Users/danyuchn/GMAT-score-report-analysis/comprehensive_data_flow_test.py", line 317, in test_v_data_flow
    from gmat_diagnosis_app.diagnostics.v_diagnostic import diagnose_v
ImportError: cannot import name 'diagnose_v' from 'gmat_diagnosis_app.diagnostics.v_diagnostic' (/Users/danyuchn/GMAT-score-report-analysis/gmat_diagnosis_app/diagnostics/v_diagnostic.py)

2025-06-01 22:21:07,471 - INFO - Generating comprehensive test report...
2025-06-01 22:21:07,471 - INFO - Comprehensive test completed. Report saved to comprehensive_data_flow_test_report.txt
2025-06-01 22:22:23,297 - INFO - Starting comprehensive data flow test...
2025-06-01 22:22:23,298 - INFO - Creating test data according to sec-doc-zh standards...
2025-06-01 22:22:23,298 - INFO - Creating standard DI test data...
2025-06-01 22:22:23,302 - INFO - Creating standard Q test data...
2025-06-01 22:22:23,303 - INFO - Creating standard V test data...
2025-06-01 22:22:23,304 - INFO - Testing all modules...
2025-06-01 22:22:23,304 - INFO - Testing DI module data flow...
2025-06-01 22:22:23,327 - INFO - Testing DI diagnose_di function...
2025-06-01 22:22:23,335 - ERROR - Unhandled exception during DI diagnosis: bad operand type for unary ~: 'NoneType'
Traceback (most recent call last):
  File "/Users/danyuchn/GMAT-score-report-analysis/gmat_diagnosis_app/diagnostics/di_modules/main.py", line 283, in run_di_diagnosis
    msr_non_first_over = msr_mask & (~msr_group_over) & (~df_di['is_first_msr_q']) & df_di['question_time'].notna() & (df_di['question_time'] > thresholds['MSR_SINGLE_Q'])
                                                         ^^^^^^^^^^^^^^^^^^^^^^^^
  File "/Users/danyuchn/GMAT-score-report-analysis/.venv/lib/python3.11/site-packages/pandas/core/generic.py", line 1571, in __invert__
    new_data = self._mgr.apply(operator.invert)
               ^^^^^^^^^^^^^^^^^^^^^^^^^^^^^^^^
  File "/Users/danyuchn/GMAT-score-report-analysis/.venv/lib/python3.11/site-packages/pandas/core/internals/managers.py", line 361, in apply
    applied = b.apply(f, **kwargs)
              ^^^^^^^^^^^^^^^^^^^^
  File "/Users/danyuchn/GMAT-score-report-analysis/.venv/lib/python3.11/site-packages/pandas/core/internals/blocks.py", line 393, in apply
    result = func(self.values, **kwargs)
             ^^^^^^^^^^^^^^^^^^^^^^^^^^^
TypeError: bad operand type for unary ~: 'NoneType'
2025-06-01 22:22:23,342 - INFO - DI diagnose_di function executed successfully
2025-06-01 22:22:23,342 - INFO - Verifying DI calculations against sec-doc-zh standards...
2025-06-01 22:22:23,346 - INFO - Testing Q module data flow...
2025-06-01 22:22:23,346 - INFO - Testing Q diagnose_q function...
2025-06-01 22:22:23,361 - INFO - Q diagnose_q function executed successfully
2025-06-01 22:22:23,361 - INFO - Verifying Q calculations against sec-doc-zh standards...
2025-06-01 22:22:23,364 - INFO - Testing V module data flow...
2025-06-01 22:22:23,364 - INFO - Testing V run_v_diagnosis_processed function...
2025-06-01 22:22:23,381 - INFO - V run_v_diagnosis_processed function executed successfully
2025-06-01 22:22:23,381 - INFO - Verifying V calculations against sec-doc-zh standards...
2025-06-01 22:22:23,383 - INFO - Generating comprehensive test report...
2025-06-01 22:22:23,383 - INFO - Comprehensive test completed. Report saved to comprehensive_data_flow_test_report.txt
2025-06-01 22:23:33,044 - INFO - Starting comprehensive data flow test...
2025-06-01 22:23:33,044 - INFO - Creating test data according to sec-doc-zh standards...
2025-06-01 22:23:33,044 - INFO - Creating standard DI test data...
2025-06-01 22:23:33,045 - INFO - Creating standard Q test data...
2025-06-01 22:23:33,045 - INFO - Creating standard V test data...
2025-06-01 22:23:33,045 - INFO - Testing all modules...
2025-06-01 22:23:33,045 - INFO - Testing DI module data flow...
2025-06-01 22:23:33,060 - INFO - Testing DI diagnose_di function...
2025-06-01 22:23:33,081 - INFO - DI diagnose_di function executed successfully
2025-06-01 22:23:33,081 - INFO - Verifying DI calculations against sec-doc-zh standards...
2025-06-01 22:23:33,084 - INFO - Testing Q module data flow...
2025-06-01 22:23:33,084 - INFO - Testing Q diagnose_q function...
2025-06-01 22:23:33,094 - INFO - Q diagnose_q function executed successfully
2025-06-01 22:23:33,094 - INFO - Verifying Q calculations against sec-doc-zh standards...
2025-06-01 22:23:33,096 - INFO - Testing V module data flow...
2025-06-01 22:23:33,096 - INFO - Testing V run_v_diagnosis_processed function...
2025-06-01 22:23:33,109 - INFO - V run_v_diagnosis_processed function executed successfully
2025-06-01 22:23:33,110 - INFO - Verifying V calculations against sec-doc-zh standards...
2025-06-01 22:23:33,111 - INFO - Generating comprehensive test report...
2025-06-01 22:23:33,113 - INFO - Comprehensive test completed. Report saved to comprehensive_data_flow_test_report.txt
2025-06-01 22:23:59,562 - INFO - Starting comprehensive data flow test...
2025-06-01 22:23:59,562 - INFO - Creating test data according to sec-doc-zh standards...
2025-06-01 22:23:59,562 - INFO - Creating standard DI test data...
2025-06-01 22:23:59,563 - INFO - Creating standard Q test data...
2025-06-01 22:23:59,563 - INFO - Creating standard V test data...
2025-06-01 22:23:59,563 - INFO - Testing all modules...
2025-06-01 22:23:59,563 - INFO - Testing DI module data flow...
2025-06-01 22:23:59,578 - INFO - Testing DI diagnose_di function...
2025-06-01 22:23:59,596 - INFO - DI diagnose_di function executed successfully
2025-06-01 22:23:59,596 - INFO - Verifying DI calculations against sec-doc-zh standards...
2025-06-01 22:23:59,599 - INFO - Testing Q module data flow...
2025-06-01 22:23:59,599 - INFO - Testing Q diagnose_q function...
2025-06-01 22:23:59,608 - INFO - Q diagnose_q function executed successfully
2025-06-01 22:23:59,608 - INFO - Verifying Q calculations against sec-doc-zh standards...
2025-06-01 22:23:59,611 - INFO - Testing V module data flow...
2025-06-01 22:23:59,611 - INFO - Testing V run_v_diagnosis_processed function...
2025-06-01 22:23:59,624 - INFO - V run_v_diagnosis_processed function executed successfully
2025-06-01 22:23:59,624 - INFO - Verifying V calculations against sec-doc-zh standards...
2025-06-01 22:23:59,626 - INFO - Generating comprehensive test report...
2025-06-01 22:23:59,627 - INFO - Comprehensive test completed. Report saved to comprehensive_data_flow_test_report.txt
2025-06-01 22:26:51,232 - INFO - Starting comprehensive data flow test...
2025-06-01 22:26:51,233 - INFO - Creating test data according to sec-doc-zh standards...
2025-06-01 22:26:51,233 - INFO - Creating standard DI test data...
2025-06-01 22:26:51,234 - INFO - Creating standard Q test data...
2025-06-01 22:26:51,234 - INFO - Creating standard V test data...
2025-06-01 22:26:51,234 - INFO - Testing all modules...
2025-06-01 22:26:51,234 - INFO - Testing DI module data flow...
2025-06-01 22:26:51,246 - INFO - Testing DI diagnose_di function...
2025-06-01 22:26:51,268 - INFO - DI diagnose_di function executed successfully
2025-06-01 22:26:51,268 - INFO - Verifying DI calculations against sec-doc-zh standards...
2025-06-01 22:26:51,272 - INFO - Testing Q module data flow...
2025-06-01 22:26:51,272 - INFO - Testing Q diagnose_q function...
2025-06-01 22:26:51,281 - INFO - Q diagnose_q function executed successfully
2025-06-01 22:26:51,281 - INFO - Verifying Q calculations against sec-doc-zh standards...
2025-06-01 22:26:51,283 - INFO - Testing V module data flow...
2025-06-01 22:26:51,283 - INFO - Testing V run_v_diagnosis_processed function...
2025-06-01 22:26:51,297 - INFO - V run_v_diagnosis_processed function executed successfully
2025-06-01 22:26:51,297 - INFO - Verifying V calculations against sec-doc-zh standards...
2025-06-01 22:26:51,299 - INFO - Generating comprehensive test report...
2025-06-01 22:26:51,299 - INFO - Comprehensive test completed. Report saved to comprehensive_data_flow_test_report.txt
2025-06-01 22:27:34,382 - INFO - Starting comprehensive data flow test...
2025-06-01 22:27:34,382 - INFO - Creating test data according to sec-doc-zh standards...
2025-06-01 22:27:34,382 - INFO - Creating standard DI test data...
2025-06-01 22:27:34,384 - INFO - Creating standard Q test data...
2025-06-01 22:27:34,385 - INFO - Creating standard V test data...
2025-06-01 22:27:34,385 - INFO - Testing all modules...
2025-06-01 22:27:34,385 - INFO - Testing DI module data flow...
2025-06-01 22:27:34,400 - INFO - Testing DI diagnose_di function...
2025-06-01 22:27:34,426 - INFO - DI diagnose_di function executed successfully
2025-06-01 22:27:34,426 - INFO - Verifying DI calculations against sec-doc-zh standards...
2025-06-01 22:27:34,429 - INFO - Testing Q module data flow...
2025-06-01 22:27:34,429 - INFO - Testing Q diagnose_q function...
2025-06-01 22:27:34,438 - INFO - Q diagnose_q function executed successfully
2025-06-01 22:27:34,438 - INFO - Verifying Q calculations against sec-doc-zh standards...
2025-06-01 22:27:34,440 - INFO - Testing V module data flow...
2025-06-01 22:27:34,440 - INFO - Testing V run_v_diagnosis_processed function...
2025-06-01 22:27:34,454 - INFO - V run_v_diagnosis_processed function executed successfully
2025-06-01 22:27:34,454 - INFO - Verifying V calculations against sec-doc-zh standards...
2025-06-01 22:27:34,456 - INFO - Generating comprehensive test report...
2025-06-01 22:27:34,456 - INFO - Comprehensive test completed. Report saved to comprehensive_data_flow_test_report.txt
2025-06-01 22:49:44,990 - INFO - Starting comprehensive data flow test...
2025-06-01 22:49:44,991 - INFO - Creating test data according to sec-doc-zh standards...
2025-06-01 22:49:44,991 - INFO - Creating standard DI test data...
2025-06-01 22:49:44,995 - INFO - Creating standard Q test data...
2025-06-01 22:49:44,996 - INFO - Creating standard V test data...
2025-06-01 22:49:44,996 - INFO - Testing all modules...
2025-06-01 22:49:44,996 - INFO - Testing DI module data flow...
2025-06-01 22:49:45,013 - INFO - Testing DI diagnose_di function...
2025-06-01 22:49:45,037 - INFO - DI diagnose_di function executed successfully
2025-06-01 22:49:45,037 - INFO - Verifying DI calculations against sec-doc-zh standards...
2025-06-01 22:49:45,040 - INFO - Testing Q module data flow...
2025-06-01 22:49:45,040 - INFO - Testing Q diagnose_q function...
2025-06-01 22:49:45,049 - INFO - Q diagnose_q function executed successfully
2025-06-01 22:49:45,050 - INFO - Verifying Q calculations against sec-doc-zh standards...
2025-06-01 22:49:45,051 - INFO - Testing V module data flow...
2025-06-01 22:49:45,052 - INFO - Testing V run_v_diagnosis_processed function...
2025-06-01 22:49:45,065 - INFO - V run_v_diagnosis_processed function executed successfully
2025-06-01 22:49:45,065 - INFO - Verifying V calculations against sec-doc-zh standards...
2025-06-01 22:49:45,067 - INFO - Generating comprehensive test report...
2025-06-01 22:49:45,067 - INFO - Comprehensive test completed. Report saved to comprehensive_data_flow_test_report.txt
